This is XeTeX, Version 3.141592653-2.6-0.999994 (TeX Live 2022) (preloaded format=xelatex 2022.8.9)  3 OCT 2022 22:26
entering extended mode
 \write18 enabled.
 %&-line parsing enabled.
**ltxdoc_ZH_CN.dtx
(./ltxdoc_ZH_CN.dtx
LaTeX2e <2022-06-01> patch level 5
L3 programming layer <2022-08-05> (./ltxdoc.cls
Document Class: ltxdoc 2022/06/22 v2.1h Standard LaTeX documentation class
*************************************
* Local config file ltxdoc.cfg used
*************************************
(c:/texlive/2022/texmf-dist/tex/latex/base/ltxdoc.cfg
File: ltxdoc.cfg 2022/06/14 v2.0d ltxdoc.cls configuration (LaTeX Project)
)
(c:/texlive/2022/texmf-dist/tex/latex/base/article.cls
Document Class: article 2021/10/04 v1.4n Standard LaTeX document class
(c:/texlive/2022/texmf-dist/tex/latex/base/size10.clo
File: size10.clo 2021/10/04 v1.4n Standard LaTeX file (size option)
)
\c@part=\count181
\c@section=\count182
\c@subsection=\count183
\c@subsubsection=\count184
\c@paragraph=\count185
\c@subparagraph=\count186
\c@figure=\count187
\c@table=\count188
\abovecaptionskip=\skip47
\belowcaptionskip=\skip48
\bibindent=\dimen138
)
(c:/texlive/2022/texmf-dist/tex/latex/base/doc.sty
Package: doc 2022/06/08 v3.0j Standard LaTeX documentation package V3 (FMi)
\c@StandardModuleDepth=\count189
\guard@level=\count190
\MacrocodeTopsep=\skip49
\MacroIndent=\dimen139
\macro@cnt=\count191
\MacroTopsep=\skip50
\IndexMin=\dimen140
\c@IndexColumns=\count192

(c:/texlive/2022/texmf-dist/tex/latex/tools/multicol.sty
Package: multicol 2021/11/30 v1.9d multicolumn formatting (FMi)
\c@tracingmulticols=\count193
\mult@box=\box51
\multicol@leftmargin=\dimen141
\c@unbalance=\count194
\c@collectmore=\count195
\doublecol@number=\count196
\multicoltolerance=\count197
\multicolpretolerance=\count198
\full@width=\dimen142
\page@free=\dimen143
\premulticols=\dimen144
\postmulticols=\dimen145
\multicolsep=\skip51
\multicolbaselineskip=\skip52
\partial@page=\box52
\last@line=\box53
\maxbalancingoverflow=\dimen146
\mult@rightbox=\box54
\mult@grightbox=\box55
\mult@firstbox=\box56
\mult@gfirstbox=\box57
\@tempa=\box58
\@tempa=\box59
\@tempa=\box60
\@tempa=\box61
\@tempa=\box62
\@tempa=\box63
\@tempa=\box64
\@tempa=\box65
\@tempa=\box66
\@tempa=\box67
\@tempa=\box68
\@tempa=\box69
\@tempa=\box70
\@tempa=\box71
\@tempa=\box72
\@tempa=\box73
\@tempa=\box74
\@tempa=\box75
\@tempa=\box76
\@tempa=\box77
\@tempa=\box78
\@tempa=\box79
\@tempa=\box80
\@tempa=\box81
\@tempa=\box82
\@tempa=\box83
\@tempa=\box84
\@tempa=\box85
\@tempa=\box86
\@tempa=\box87
\@tempa=\box88
\@tempa=\box89
\@tempa=\box90
\@tempa=\box91
\@tempa=\box92
\@tempa=\box93
\c@minrows=\count199
\c@columnbadness=\count266
\c@finalcolumnbadness=\count267
\last@try=\dimen147
\multicolovershoot=\dimen148
\multicolundershoot=\dimen149
\mult@nat@firstbox=\box94
\colbreak@box=\box95
\mc@col@check@num=\count268
)
\GlossaryMin=\dimen150
\c@GlossaryColumns=\count269
\check@sum=\count270
\bslash@cnt=\count271
\wrong@table=\toks16
\c@CodelineNo=\count272
\@temptokenb=\toks17
)
LaTeX Info: Redefining \cs on input line 266.
)
(c:/texlive/2022/texmf-dist/tex/latex/base/fontenc.sty
Package: fontenc 2021/04/29 v2.0v Standard LaTeX package
LaTeX Font Info:    Trying to load font information for T1+lmr on input line 11
2.

(c:/texlive/2022/texmf-dist/tex/latex/lm/t1lmr.fd
File: t1lmr.fd 2015/05/01 v1.6.1 Font defs for Latin Modern
))
(c:/texlive/2022/texmf-dist/tex/latex/tabularray/tabularray.sty
(c:/texlive/2022/texmf-dist/tex/latex/l3kernel/expl3.sty
Package: expl3 2022-08-05 L3 programming layer (loader) 

(c:/texlive/2022/texmf-dist/tex/latex/l3backend/l3backend-xetex.def
File: l3backend-xetex.def 2022-08-05 L3 backend support: XeTeX
\g__graphics_track_int=\count273
\l__pdf_internal_box=\box96
\g__pdf_backend_object_int=\count274
\g__pdf_backend_annotation_int=\count275
\g__pdf_backend_link_int=\count276
))
Package: tabularray 2022-07-01 v2022C Typeset tabulars and arrays with LaTeX3
\l__tblr_a_int=\count277
\l__tblr_c_int=\count278
\l__tblr_r_int=\count279
\l__tblr_d_dim=\dimen151
\l__tblr_h_dim=\dimen152
\l__tblr_o_dim=\dimen153
\l__tblr_p_dim=\dimen154
\l__tblr_q_dim=\dimen155
\l__tblr_r_dim=\dimen156
\l__tblr_s_dim=\dimen157
\l__tblr_t_dim=\dimen158
\l__tblr_v_dim=\dimen159
\l__tblr_w_dim=\dimen160
\l__tblr_a_box=\box97
\l__tblr_b_box=\box98
\l__tblr_c_box=\box99
\l__tblr_d_box=\box100
\g__tblr_table_count_int=\count280
\c@rownum=\count281
\c@colnum=\count282
\c@rowcount=\count283
\c@colcount=\count284
\abovesep=\dimen161
\belowsep=\dimen162
\leftsep=\dimen163
\rightsep=\dimen164
\g_tblr_level_int=\count285
\g__tblr_data_row_key_count_int=\count286
\g__tblr_data_column_key_count_int=\count287
\g__tblr_data_cell_key_count_int=\count288
\g__tblr_array_int=\count289
\l__tblr_key_count_int=\count290
\l__tblr_key_quotient_int=\count291
\l__tblr_key_quotient_two_int=\count292
\l__tblr_key_remainder_int=\count293
\g__tblr_data_str_value_count_int=\count294
\rulewidth=\dimen165
\l__tblr_strut_dp_dim=\dimen166
\l__tblr_strut_ht_dim=\dimen167
\g__tblr_cell_wd_dim=\dimen168
\g__tblr_cell_ht_dim=\dimen169
\g__tblr_cell_head_dim=\dimen170
\g__tblr_cell_foot_dim=\dimen171
\l__column_target_dim=\dimen172
\l__tblr_caption_box=\box101
\l__tblr_caption_left_box=\box102
\l__tblr_row_head_box=\box103
\l__tblr_row_foot_box=\box104
\l__tblr_row_head_foot_dim=\dimen173
\tablewidth=\dimen174
\l__tblr_table_firsthead_box=\box105
\l__tblr_table_middlehead_box=\box106
\l__tblr_table_lasthead_box=\box107
\l__tblr_table_firstfoot_box=\box108
\l__tblr_table_middlefoot_box=\box109
\l__tblr_table_lastfoot_box=\box110
\l__tblr_remain_height_dim=\dimen175
\l__tblr_long_from_int=\count295
\l__tblr_long_to_int=\count296
\l__tblr_curr_i_int=\count297
\l__tblr_prev_i_int=\count298
\l__tblr_table_page_int=\count299
\l__tblr_table_head_box=\box111
\l__tblr_table_foot_box=\box112
\l__tblr_table_head_foot_dim=\dimen176
\l__tblr_table_head_body_foot_dim=\dimen177
\l__tblr_table_box=\box113
\l__tblr_table_hlines_box=\box114
\l__tblr_hline_box=\box115
\l__tblr_row_box=\box116
\l__tblr_col_o_wd_dim=\dimen178
\l__tblr_col_b_wd_dim=\dimen179
\l__tblr_hline_leftskip_dim=\dimen180
\l__tblr_hline_rightskip_dim=\dimen181
\l__tblr_row_ht_dim=\dimen182
\l__tblr_row_dp_dim=\dimen183
\l__tblr_row_abovesep_dim=\dimen184
\l__tblr_row_belowsep_dim=\dimen185
\l__tblr_row_vlines_box=\box117
\l__tblr_vline_box=\box118
\l__tblr_cell_box=\box119
\l__row_upper_dim=\dimen186
\l__row_lower_dim=\dimen187
\l__row_vpace_dim=\dimen188
\l__tblr_vline_aboveskip_dim=\dimen189
\l__tblr_vline_belowskip_dim=\dimen190
\l__tblr_cell_wd_dim=\dimen191
\l__tblr_cell_ht_dim=\dimen192
\l__tblr_diag_box=\box120
)
(c:/texlive/2022/texmf-dist/tex/latex/caption/caption.sty
Package: caption 2022/03/01 v3.6b Customizing captions (AR)

(c:/texlive/2022/texmf-dist/tex/latex/caption/caption3.sty
Package: caption3 2022/03/17 v2.3b caption3 kernel (AR)

(c:/texlive/2022/texmf-dist/tex/latex/graphics/keyval.sty
Package: keyval 2022/05/29 v1.15 key=value parser (DPC)
\KV@toks@=\toks18
)
\caption@tempdima=\dimen193
\captionmargin=\dimen194
\caption@leftmargin=\dimen195
\caption@rightmargin=\dimen196
\caption@width=\dimen197
\caption@indent=\dimen198
\caption@parindent=\dimen199
\caption@hangindent=\dimen256
Package caption Info: Standard document class detected.
)
\c@caption@flags=\count300
\c@continuedfloat=\count301
)
(c:/texlive/2022/texmf-dist/tex/xelatex/xecjk/xeCJK.sty
Package: xeCJK 2022/08/05 v3.9.1 Typesetting CJK scripts with XeLaTeX

(c:/texlive/2022/texmf-dist/tex/latex/ctex/ctexhook.sty
Package: ctexhook 2022/07/14 v2.5.10 Document and package hooks (CTEX)
)
(c:/texlive/2022/texmf-dist/tex/latex/l3packages/xtemplate/xtemplate.sty
Package: xtemplate 2022-06-22 L3 Experimental prototype document functions
\l__xtemplate_tmp_dim=\dimen257
\l__xtemplate_tmp_int=\count302
\l__xtemplate_tmp_muskip=\muskip16
\l__xtemplate_tmp_skip=\skip53
)
\l__xeCJK_tmp_int=\count303
\l__xeCJK_tmp_box=\box121
\l__xeCJK_tmp_dim=\dimen258
\l__xeCJK_tmp_skip=\skip54
\g__xeCJK_space_factor_int=\count304
\l__xeCJK_begin_int=\count305
\l__xeCJK_end_int=\count306
\c__xeCJK_CJK_class_int=\XeTeXcharclass1
\c__xeCJK_FullLeft_class_int=\XeTeXcharclass2
\c__xeCJK_FullRight_class_int=\XeTeXcharclass3
\c__xeCJK_HalfLeft_class_int=\XeTeXcharclass4
\c__xeCJK_HalfRight_class_int=\XeTeXcharclass5
\c__xeCJK_NormalSpace_class_int=\XeTeXcharclass6
\c__xeCJK_CM_class_int=\XeTeXcharclass7
\c__xeCJK_HangulJamo_class_int=\XeTeXcharclass8
\l__xeCJK_last_skip=\skip55
\c__xeCJK_none_node=\count307
\g__xeCJK_node_int=\count308
\c__xeCJK_CJK_node_dim=\dimen259
\c__xeCJK_CJK-space_node_dim=\dimen260
\c__xeCJK_default_node_dim=\dimen261
\c__xeCJK_CJK-widow_node_dim=\dimen262
\c__xeCJK_normalspace_node_dim=\dimen263
\c__xeCJK_default-space_node_skip=\skip56
\l__xeCJK_ccglue_skip=\skip57
\l__xeCJK_ecglue_skip=\skip58
\l__xeCJK_punct_kern_skip=\skip59
\l__xeCJK_indent_box=\box122
\l__xeCJK_last_penalty_int=\count309
\l__xeCJK_last_bound_dim=\dimen264
\l__xeCJK_last_kern_dim=\dimen265
\l__xeCJK_widow_penalty_int=\count310

Package xtemplate Info: Declaring object type 'xeCJK/punctuation' taking 0
(xtemplate)             argument(s) on line 2396.

\l__xeCJK_fixed_punct_width_dim=\dimen266
\l__xeCJK_mixed_punct_width_dim=\dimen267
\l__xeCJK_middle_punct_width_dim=\dimen268
\l__xeCJK_fixed_margin_width_dim=\dimen269
\l__xeCJK_mixed_margin_width_dim=\dimen270
\l__xeCJK_middle_margin_width_dim=\dimen271
\l__xeCJK_bound_punct_width_dim=\dimen272
\l__xeCJK_bound_margin_width_dim=\dimen273
\l__xeCJK_margin_minimum_dim=\dimen274
\l__xeCJK_kerning_total_width_dim=\dimen275
\l__xeCJK_same_align_margin_dim=\dimen276
\l__xeCJK_different_align_margin_dim=\dimen277
\l__xeCJK_kerning_margin_width_dim=\dimen278
\l__xeCJK_kerning_margin_minimum_dim=\dimen279
\l__xeCJK_bound_dim=\dimen280
\l__xeCJK_reverse_bound_dim=\dimen281
\l__xeCJK_margin_dim=\dimen282
\l__xeCJK_minimum_bound_dim=\dimen283
\l__xeCJK_kerning_margin_dim=\dimen284
\g__xeCJK_family_int=\count311
\l__xeCJK_fam_int=\count312
\g__xeCJK_fam_allocation_int=\count313
\l__xeCJK_verb_case_int=\count314
\l__xeCJK_verb_exspace_skip=\skip60

(c:/texlive/2022/texmf-dist/tex/latex/fontspec/fontspec.sty
(c:/texlive/2022/texmf-dist/tex/latex/l3packages/xparse/xparse.sty
Package: xparse 2022-06-22 L3 Experimental document command parser
)
Package: fontspec 2022/01/15 v2.8a Font selection for XeLaTeX and LuaLaTeX

(c:/texlive/2022/texmf-dist/tex/latex/fontspec/fontspec-xetex.sty
Package: fontspec-xetex 2022/01/15 v2.8a Font selection for XeLaTeX and LuaLaTe
X
\l__fontspec_script_int=\count315
\l__fontspec_language_int=\count316
\l__fontspec_strnum_int=\count317
\l__fontspec_tmp_int=\count318
\l__fontspec_tmpa_int=\count319
\l__fontspec_tmpb_int=\count320
\l__fontspec_tmpc_int=\count321
\l__fontspec_em_int=\count322
\l__fontspec_emdef_int=\count323
\l__fontspec_strong_int=\count324
\l__fontspec_strongdef_int=\count325
\l__fontspec_tmpa_dim=\dimen285
\l__fontspec_tmpb_dim=\dimen286
\l__fontspec_tmpc_dim=\dimen287

(c:/texlive/2022/texmf-dist/tex/latex/base/fontenc.sty
Package: fontenc 2021/04/29 v2.0v Standard LaTeX package
)
(c:/texlive/2022/texmf-dist/tex/latex/fontspec/fontspec.cfg)))
(c:/texlive/2022/texmf-dist/tex/xelatex/xecjk/xeCJK.cfg
File: xeCJK.cfg 2022/08/05 v3.9.1 Configuration file for xeCJK package
))

Package fontspec Info: Could not resolve font "思源宋体 CN Light/I" (it probably
(fontspec)             doesn't exist).


Package fontspec Info: Font family '思源宋体CNLight(0)' created for font '思源宋体 CN
(fontspec)             Light' with options [Script={CJK}].
(fontspec)              
(fontspec)              This font family consists of the following NFSS
(fontspec)             series/shapes:
(fontspec)              
(fontspec)             - 'normal' (m/n) with NFSS spec.: <->"思源宋体 CN
(fontspec)             Light/OT:script=hani;language=dflt;"
(fontspec)             - 'small caps'  (m/sc) with NFSS spec.: 
(fontspec)             - 'bold' (b/n) with NFSS spec.: <->"思源宋体 CN
(fontspec)             Light/B/OT:script=hani;language=dflt;"
(fontspec)             - 'bold small caps'  (b/sc) with NFSS spec.: 
(fontspec)             - 'bold italic' (b/it) with NFSS spec.: <->"思源宋体 CN
(fontspec)             Light/BI/OT:script=hani;language=dflt;"
(fontspec)             - 'bold italic small caps'  (b/scit) with NFSS spec.: 


(c:/texlive/2022/texmf-dist/tex/latex/tools/indentfirst.sty
Package: indentfirst 1995/11/23 v1.03 Indent first paragraph (DPC)
)
(c:/texlive/2022/texmf-dist/tex/latex/xcolor/xcolor.sty
Package: xcolor 2022/06/12 v2.14 LaTeX color extensions (UK)

(c:/texlive/2022/texmf-dist/tex/latex/graphics-cfg/color.cfg
File: color.cfg 2016/01/02 v1.6 sample color configuration
)
Package xcolor Info: Driver file: xetex.def on input line 227.

(c:/texlive/2022/texmf-dist/tex/latex/graphics-def/xetex.def
File: xetex.def 2022/04/16 v5.0m Graphics/color driver for xetex
)
(c:/texlive/2022/texmf-dist/tex/latex/graphics/mathcolor.ltx)
Package xcolor Info: Model `cmy' substituted by `cmy0' on input line 1353.
Package xcolor Info: Model `RGB' extended on input line 1369.
Package xcolor Info: Model `HTML' substituted by `rgb' on input line 1371.
Package xcolor Info: Model `Hsb' substituted by `hsb' on input line 1372.
Package xcolor Info: Model `tHsb' substituted by `hsb' on input line 1373.
Package xcolor Info: Model `HSB' substituted by `hsb' on input line 1374.
Package xcolor Info: Model `Gray' substituted by `gray' on input line 1375.
Package xcolor Info: Model `wave' substituted by `hsb' on input line 1376.
)
(c:/texlive/2022/texmf-dist/tex/latex/hyperref/hyperref.sty
Package: hyperref 2022-06-20 v7.00s Hypertext links for LaTeX

(c:/texlive/2022/texmf-dist/tex/generic/ltxcmds/ltxcmds.sty
Package: ltxcmds 2020-05-10 v1.25 LaTeX kernel commands for general use (HO)
)
(c:/texlive/2022/texmf-dist/tex/generic/iftex/iftex.sty
Package: iftex 2022/02/03 v1.0f TeX engine tests
)
(c:/texlive/2022/texmf-dist/tex/generic/pdftexcmds/pdftexcmds.sty
Package: pdftexcmds 2020-06-27 v0.33 Utility functions of pdfTeX for LuaTeX (HO
)

(c:/texlive/2022/texmf-dist/tex/generic/infwarerr/infwarerr.sty
Package: infwarerr 2019/12/03 v1.5 Providing info/warning/error messages (HO)
)
Package pdftexcmds Info: \pdf@primitive is available.
Package pdftexcmds Info: \pdf@ifprimitive is available.
Package pdftexcmds Info: \pdfdraftmode not found.
)
(c:/texlive/2022/texmf-dist/tex/generic/kvsetkeys/kvsetkeys.sty
Package: kvsetkeys 2019/12/15 v1.18 Key value parser (HO)
)
(c:/texlive/2022/texmf-dist/tex/generic/kvdefinekeys/kvdefinekeys.sty
Package: kvdefinekeys 2019-12-19 v1.6 Define keys (HO)
)
(c:/texlive/2022/texmf-dist/tex/generic/pdfescape/pdfescape.sty
Package: pdfescape 2019/12/09 v1.15 Implements pdfTeX's escape features (HO)
)
(c:/texlive/2022/texmf-dist/tex/latex/hycolor/hycolor.sty
Package: hycolor 2020-01-27 v1.10 Color options for hyperref/bookmark (HO)
)
(c:/texlive/2022/texmf-dist/tex/latex/letltxmacro/letltxmacro.sty
Package: letltxmacro 2019/12/03 v1.6 Let assignment for LaTeX macros (HO)
)
(c:/texlive/2022/texmf-dist/tex/latex/auxhook/auxhook.sty
Package: auxhook 2019-12-17 v1.6 Hooks for auxiliary files (HO)
)
(c:/texlive/2022/texmf-dist/tex/latex/hyperref/nameref.sty
Package: nameref 2022-05-17 v2.50 Cross-referencing by name of section

(c:/texlive/2022/texmf-dist/tex/latex/refcount/refcount.sty
Package: refcount 2019/12/15 v3.6 Data extraction from label references (HO)
)
(c:/texlive/2022/texmf-dist/tex/generic/gettitlestring/gettitlestring.sty
Package: gettitlestring 2019/12/15 v1.6 Cleanup title references (HO)

(c:/texlive/2022/texmf-dist/tex/latex/kvoptions/kvoptions.sty
Package: kvoptions 2022-06-15 v3.15 Key value format for package options (HO)
))
\c@section@level=\count326
)
\@linkdim=\dimen288
\Hy@linkcounter=\count327
\Hy@pagecounter=\count328

(c:/texlive/2022/texmf-dist/tex/latex/hyperref/pd1enc.def
File: pd1enc.def 2022-06-20 v7.00s Hyperref: PDFDocEncoding definition (HO)
)
(c:/texlive/2022/texmf-dist/tex/generic/intcalc/intcalc.sty
Package: intcalc 2019/12/15 v1.3 Expandable calculations with integers (HO)
)
(c:/texlive/2022/texmf-dist/tex/generic/etexcmds/etexcmds.sty
Package: etexcmds 2019/12/15 v1.7 Avoid name clashes with e-TeX commands (HO)
)
\Hy@SavedSpaceFactor=\count329

(c:/texlive/2022/texmf-dist/tex/latex/hyperref/puenc.def
File: puenc.def 2022-06-20 v7.00s Hyperref: PDF Unicode definition (HO)
)
Package hyperref Info: Option `colorlinks' set `true' on input line 4045.
Package hyperref Info: Hyper figures OFF on input line 4162.
Package hyperref Info: Link nesting OFF on input line 4167.
Package hyperref Info: Hyper index ON on input line 4170.
Package hyperref Info: Plain pages OFF on input line 4177.
Package hyperref Info: Backreferencing OFF on input line 4182.
Package hyperref Info: Implicit mode ON; LaTeX internals redefined.
Package hyperref Info: Bookmarks ON on input line 4408.
\c@Hy@tempcnt=\count330

(c:/texlive/2022/texmf-dist/tex/latex/url/url.sty
\Urlmuskip=\muskip17
Package: url 2013/09/16  ver 3.4  Verb mode for urls, etc.
)
LaTeX Info: Redefining \url on input line 4746.
\XeTeXLinkMargin=\dimen289

(c:/texlive/2022/texmf-dist/tex/generic/bitset/bitset.sty
Package: bitset 2019/12/09 v1.3 Handle bit-vector datatype (HO)

(c:/texlive/2022/texmf-dist/tex/generic/bigintcalc/bigintcalc.sty
Package: bigintcalc 2019/12/15 v1.5 Expandable calculations on big integers (HO
)
))
\Fld@menulength=\count331
\Field@Width=\dimen290
\Fld@charsize=\dimen291
Package hyperref Info: Hyper figures OFF on input line 6024.
Package hyperref Info: Link nesting OFF on input line 6029.
Package hyperref Info: Hyper index ON on input line 6032.
Package hyperref Info: backreferencing OFF on input line 6039.
Package hyperref Info: Link coloring ON on input line 6042.
Package hyperref Info: Link coloring with OCG OFF on input line 6049.
Package hyperref Info: PDF/A mode OFF on input line 6054.

(c:/texlive/2022/texmf-dist/tex/latex/base/atbegshi-ltx.sty
Package: atbegshi-ltx 2021/01/10 v1.0c Emulation of the original atbegshi
package with kernel methods
)
\Hy@abspage=\count332
\c@Item=\count333
\c@Hfootnote=\count334
)
Package hyperref Info: Driver (autodetected): hxetex.

(c:/texlive/2022/texmf-dist/tex/latex/hyperref/hxetex.def
File: hxetex.def 2022-06-20 v7.00s Hyperref driver for XeTeX

(c:/texlive/2022/texmf-dist/tex/generic/stringenc/stringenc.sty
Package: stringenc 2019/11/29 v1.12 Convert strings between diff. encodings (HO
)
)
\pdfm@box=\box123
\c@Hy@AnnotLevel=\count335
\HyField@AnnotCount=\count336
\Fld@listcount=\count337
\c@bookmark@seq@number=\count338

(c:/texlive/2022/texmf-dist/tex/latex/rerunfilecheck/rerunfilecheck.sty
Package: rerunfilecheck 2022-07-10 v1.10 Rerun checks for auxiliary files (HO)

(c:/texlive/2022/texmf-dist/tex/latex/base/atveryend-ltx.sty
Package: atveryend-ltx 2020/08/19 v1.0a Emulation of the original atveryend pac
kage
with kernel methods
)
(c:/texlive/2022/texmf-dist/tex/generic/uniquecounter/uniquecounter.sty
Package: uniquecounter 2019/12/15 v1.4 Provide unlimited unique counter (HO)
)
Package uniquecounter Info: New unique counter `rerunfilecheck' on input line 2
85.
)
\Hy@SectionHShift=\skip61
)
(c:/texlive/2022/texmf-dist/tex/latex/base/makeidx.sty
Package: makeidx 2021/10/04 v1.0m Standard LaTeX package
)
\@indexfile=\write3
\openout3 = `ltxdoc_ZH_CN.idx'.


Writing index file ltxdoc_ZH_CN.idx
(c:/texlive/2022/texmf-dist/tex/latex/hypdoc/hypdoc.sty
Package: hypdoc 2022-07-03 v1.17 Hyper extensions for doc.sty (HO)


Package hypdoc Warning: hyperref has been loaded before. Check the options! on 
input line 56.

Package hyperref Info: Option `colorlinks' set `true' on input line 66.
Package hyperref Info: Option `plainpages' set `false' on input line 66.
Package hyperref Info: Option `bookmarksopen' set `true' on input line 66.
Package hyperref Info: Option `bookmarksnumbered' set `true' on input line 66.
\c@HD@unique=\count339
\c@HD@hypercount=\count340
\HD@helplength=\skip62
) (./ltxdoc_ZH_CN.aux)
\openout1 = `ltxdoc_ZH_CN.aux'.

LaTeX Font Info:    Checking defaults for OML/cmm/m/it on input line 112.
LaTeX Font Info:    ... okay on input line 112.
LaTeX Font Info:    Checking defaults for OMS/cmsy/m/n on input line 112.
LaTeX Font Info:    ... okay on input line 112.
LaTeX Font Info:    Checking defaults for OT1/cmr/m/n on input line 112.
LaTeX Font Info:    ... okay on input line 112.
LaTeX Font Info:    Checking defaults for T1/cmr/m/n on input line 112.
LaTeX Font Info:    ... okay on input line 112.
LaTeX Font Info:    Checking defaults for TS1/cmr/m/n on input line 112.
LaTeX Font Info:    Trying to load font information for TS1+cmr on input line 1
12.
 (c:/texlive/2022/texmf-dist/tex/latex/base/ts1cmr.fd
File: ts1cmr.fd 2019/12/16 v2.5j Standard LaTeX font definitions
)
LaTeX Font Info:    ... okay on input line 112.
LaTeX Font Info:    Checking defaults for TU/lmr/m/n on input line 112.
LaTeX Font Info:    ... okay on input line 112.
LaTeX Font Info:    Checking defaults for OMX/cmex/m/n on input line 112.
LaTeX Font Info:    ... okay on input line 112.
LaTeX Font Info:    Checking defaults for U/cmr/m/n on input line 112.
LaTeX Font Info:    ... okay on input line 112.
LaTeX Font Info:    Checking defaults for PD1/pdf/m/n on input line 112.
LaTeX Font Info:    ... okay on input line 112.
LaTeX Font Info:    Checking defaults for PU/pdf/m/n on input line 112.
LaTeX Font Info:    ... okay on input line 112.
Package doc Info: Made | a short reference for \verb on input line 112.

(c:/texlive/2022/texmf-dist/tex/latex/ninecolors/ninecolors.sty
Package: ninecolors 2022-02-13 vv2022D Select colors with proper color contrast

)
Package caption Info: Begin \AtBeginDocument code.
Package caption Info: hyperref package is loaded.
Package caption Info: End \AtBeginDocument code.

Package fontspec Info: Adjusting the maths setup (use [no-math] to avoid
(fontspec)             this).

\symlegacymaths=\mathgroup4
LaTeX Font Info:    Overwriting symbol font `legacymaths' in version `bold'
(Font)                  OT1/cmr/m/n --> OT1/cmr/bx/n on input line 112.
LaTeX Font Info:    Redeclaring math accent \acute on input line 112.
LaTeX Font Info:    Redeclaring math accent \grave on input line 112.
LaTeX Font Info:    Redeclaring math accent \ddot on input line 112.
LaTeX Font Info:    Redeclaring math accent \tilde on input line 112.
LaTeX Font Info:    Redeclaring math accent \bar on input line 112.
LaTeX Font Info:    Redeclaring math accent \breve on input line 112.
LaTeX Font Info:    Redeclaring math accent \check on input line 112.
LaTeX Font Info:    Redeclaring math accent \hat on input line 112.
LaTeX Font Info:    Redeclaring math accent \dot on input line 112.
LaTeX Font Info:    Redeclaring math accent \mathring on input line 112.
LaTeX Font Info:    Redeclaring math symbol \colon on input line 112.
LaTeX Font Info:    Redeclaring math symbol \Gamma on input line 112.
LaTeX Font Info:    Redeclaring math symbol \Delta on input line 112.
LaTeX Font Info:    Redeclaring math symbol \Theta on input line 112.
LaTeX Font Info:    Redeclaring math symbol \Lambda on input line 112.
LaTeX Font Info:    Redeclaring math symbol \Xi on input line 112.
LaTeX Font Info:    Redeclaring math symbol \Pi on input line 112.
LaTeX Font Info:    Redeclaring math symbol \Sigma on input line 112.
LaTeX Font Info:    Redeclaring math symbol \Upsilon on input line 112.
LaTeX Font Info:    Redeclaring math symbol \Phi on input line 112.
LaTeX Font Info:    Redeclaring math symbol \Psi on input line 112.
LaTeX Font Info:    Redeclaring math symbol \Omega on input line 112.
LaTeX Font Info:    Redeclaring math symbol \mathdollar on input line 112.
LaTeX Font Info:    Redeclaring symbol font `operators' on input line 112.
LaTeX Font Info:    Encoding `OT1' has changed to `TU' for symbol font
(Font)              `operators' in the math version `normal' on input line 112.

LaTeX Font Info:    Overwriting symbol font `operators' in version `normal'
(Font)                  OT1/cmr/m/n --> TU/lmr/m/n on input line 112.
LaTeX Font Info:    Encoding `OT1' has changed to `TU' for symbol font
(Font)              `operators' in the math version `bold' on input line 112.
LaTeX Font Info:    Overwriting symbol font `operators' in version `bold'
(Font)                  OT1/cmr/bx/n --> TU/lmr/m/n on input line 112.
LaTeX Font Info:    Overwriting symbol font `operators' in version `normal'
(Font)                  TU/lmr/m/n --> TU/lmr/m/n on input line 112.
LaTeX Font Info:    Overwriting math alphabet `\mathit' in version `normal'
(Font)                  OT1/cmr/m/it --> TU/lmr/m/it on input line 112.
LaTeX Font Info:    Overwriting math alphabet `\mathbf' in version `normal'
(Font)                  OT1/cmr/bx/n --> TU/lmr/b/n on input line 112.
LaTeX Font Info:    Overwriting math alphabet `\mathsf' in version `normal'
(Font)                  OT1/cmss/m/n --> TU/lmss/m/n on input line 112.
LaTeX Font Info:    Overwriting math alphabet `\mathtt' in version `normal'
(Font)                  OT1/cmtt/m/n --> TU/lmtt/m/n on input line 112.
LaTeX Font Info:    Overwriting symbol font `operators' in version `bold'
(Font)                  TU/lmr/m/n --> TU/lmr/b/n on input line 112.
LaTeX Font Info:    Overwriting math alphabet `\mathit' in version `bold'
(Font)                  OT1/cmr/bx/it --> TU/lmr/b/it on input line 112.
LaTeX Font Info:    Overwriting math alphabet `\mathsf' in version `bold'
(Font)                  OT1/cmss/bx/n --> TU/lmss/b/n on input line 112.
LaTeX Font Info:    Overwriting math alphabet `\mathtt' in version `bold'
(Font)                  OT1/cmtt/m/n --> TU/lmtt/b/n on input line 112.
Package hyperref Info: Link coloring ON on input line 112.

(./ltxdoc_ZH_CN.out) (./ltxdoc_ZH_CN.out)
\@outlinefile=\write4
\openout4 = `ltxdoc_ZH_CN.out'.

 (./ltxdoc_ZH_CN.hd)
\HD@savedest@out=\write5
\openout5 = `ltxdoc_ZH_CN.hd'.


Package fontspec Info: Could not resolve font "Source Han Sans Regular/I" (it
(fontspec)             probably doesn't exist).


Package fontspec Info: Font family 'SourceHanSansRegular(0)' created for font
(fontspec)             'Source Han Sans Regular' with options [Script={CJK}].
(fontspec)              
(fontspec)              This font family consists of the following NFSS
(fontspec)             series/shapes:
(fontspec)              
(fontspec)             - 'normal' (m/n) with NFSS spec.: <->"Source Han Sans
(fontspec)             Regular/OT:script=hani;language=dflt;"
(fontspec)             - 'small caps'  (m/sc) with NFSS spec.: 
(fontspec)             - 'bold' (b/n) with NFSS spec.: <->"Source Han Sans
(fontspec)             Regular/B/OT:script=hani;language=dflt;"
(fontspec)             - 'bold small caps'  (b/sc) with NFSS spec.: 
(fontspec)             - 'bold italic' (b/it) with NFSS spec.: <->"Source Han
(fontspec)             Sans Regular/BI/OT:script=hani;language=dflt;"
(fontspec)             - 'bold italic small caps'  (b/scit) with NFSS spec.: 

LaTeX Font Info:    External font `cmex10' loaded for size
(Font)              <20.74> on input line 115.
LaTeX Font Info:    External font `cmex10' loaded for size
(Font)              <14.4> on input line 115.
LaTeX Font Info:    External font `cmex10' loaded for size
(Font)              <12> on input line 115.


Package xeCJK Warning: Unknown CJK family `\CJKttdefault' is being ignored.
(xeCJK)                
(xeCJK)                Try to use `\setCJKmonofont[<...>]{<...>}' to define
(xeCJK)                it.

LaTeX Font Info:    Font shape `TU/lmtt/bx/n' in size <24.88> not available
(Font)              Font shape `TU/lmtt/b/n' tried instead on input line 115.
LaTeX Font Info:    External font `cmex10' loaded for size
(Font)              <17.28> on input line 115.
LaTeX Font Info:    External font `cmex10' loaded for size
(Font)              <8> on input line 115.
LaTeX Font Info:    External font `cmex10' loaded for size
(Font)              <6> on input line 115.
LaTeX Font Info:    External font `cmex10' loaded for size
(Font)              <7> on input line 115.
LaTeX Font Info:    External font `cmex10' loaded for size
(Font)              <5> on input line 115.

Package fontspec Info: Could not resolve font "Source Han Sans Light/I" (it
(fontspec)             probably doesn't exist).


Package fontspec Info: Font family 'SourceHanSansLight(0)' created for font
(fontspec)             'Source Han Sans Light' with options [Script={CJK}].
(fontspec)              
(fontspec)              This font family consists of the following NFSS
(fontspec)             series/shapes:
(fontspec)              
(fontspec)             - 'normal' (m/n) with NFSS spec.: <->"Source Han Sans
(fontspec)             Light/OT:script=hani;language=dflt;"
(fontspec)             - 'small caps'  (m/sc) with NFSS spec.: 
(fontspec)             - 'bold' (b/n) with NFSS spec.: <->"Source Han Sans
(fontspec)             Light/B/OT:script=hani;language=dflt;"
(fontspec)             - 'bold small caps'  (b/sc) with NFSS spec.: 
(fontspec)             - 'bold italic' (b/it) with NFSS spec.: <->"Source Han
(fontspec)             Sans Light/BI/OT:script=hani;language=dflt;"
(fontspec)             - 'bold italic small caps'  (b/scit) with NFSS spec.: 

(./ltxdoc_ZH_CN.toc [1

])
\tf@toc=\write6
\openout6 = `ltxdoc_ZH_CN.toc'.

 [2] (./ltxdoc_ZH_CN.dtx

Package xeCJK Warning: Unknown CJK family `\CJKsfdefault' is being ignored.
(xeCJK)                
(xeCJK)                Try to use `\setCJKsansfont[<...>]{<...>}' to define
(xeCJK)                it.

[3]
LaTeX Font Info:    External font `cmex10' loaded for size
(Font)              <9> on input line 219.
 [4] [5]

Package fontspec Info: Could not resolve font "KaiTi/BI" (it probably doesn't
(fontspec)             exist).


Package fontspec Info: Could not resolve font "KaiTi/B" (it probably doesn't
(fontspec)             exist).


Package fontspec Info: Could not resolve font "KaiTi/I" (it probably doesn't
(fontspec)             exist).


Package fontspec Info: Font family 'KaiTi(0)' created for font 'KaiTi' with
(fontspec)             options [Script={CJK}].
(fontspec)              
(fontspec)              This font family consists of the following NFSS
(fontspec)             series/shapes:
(fontspec)              
(fontspec)             - 'normal' (m/n) with NFSS spec.:
(fontspec)             <->"KaiTi/OT:script=hani;language=dflt;"
(fontspec)             - 'small caps'  (m/sc) with NFSS spec.: 

 [6] [7]
Overfull \hbox (47.09409pt too wide) in paragraph at lines 449--449
 [][]    \TU/lmtt/m/n/9 /textit{Historical /LaTeX/,2.09 comments (not necessari
ly accurate any more):} 
 []

[8] [9] [10] [11] [12]) [13] (./ltxdoc_ZH_CN.aux)
Package rerunfilecheck Info: File `ltxdoc_ZH_CN.out' has not changed.
(rerunfilecheck)             Checksum: 6CA0DE4A930C4309DBAB5FCA39A6BC81;1037.
Package rerunfilecheck Info: File `ltxdoc_ZH_CN.hd' has not changed.
(rerunfilecheck)             Checksum: D41D8CD98F00B204E9800998ECF8427E;0.
 ) 
Here is how much of TeX's memory you used:
 17141 strings out of 475856
 379311 string characters out of 5805321
 742799 words of memory out of 5000000
 37969 multiletter control sequences out of 15000+600000
 482796 words of font info for 122 fonts, out of 8000000 for 9000
 1348 hyphenation exceptions out of 8191
 72i,11n,81p,278b,584s stack positions out of 10000i,1000n,20000p,200000b,200000s

Output written on ltxdoc_ZH_CN.pdf (13 pages).
